number,value,datetime_start,datetime_complete,duration,params_colsample_bytree,params_learning_rate,params_min_child_samples,params_num_leaves,params_reg_alpha,params_reg_lambda,params_subsample,user_attrs_best_iter,system_attrs_fixed_params,state
0,0.7598555075319808,2026-10-04 18:11:01.170376,2026-10-04 18:11:13.473493,0 days 00:00:12.303117,0.7,0.05,20,31,0.001,0.001,0.8,353,"{'num_leaves': 31, 'learning_rate': 0.05, 'min_child_samples': 20, 'subsample': 0.8, 'colsample_bytree': 0.7, 'reg_alpha': 0.001, 'reg_lambda': 0.001}",COMPLETE
1,0.7613783766381177,2026-10-04 18:11:13.474539,2026-10-04 18:11:24.705517,0 days 00:00:11.230978,0.29361118426546196,0.09423875899553878,152,33,0.004207053950287938,0.0017073967431528124,0.8394633936788146,215,,COMPLETE
2,0.7581794866535063,2026-10-04 18:11:24.706389,2026-10-04 18:11:39.941560,0 days 00:00:15.235171,0.7819459112971967,0.06186307704341194,148,95,2.1368329072358767,0.0070689749506246055,0.608233797718321,194,,COMPLETE
3,0.7633319449037166,2026-10-04 18:11:39.942533,2026-10-04 18:12:04.719413,0 days 00:00:24.776880,0.4591670111852695,0.03741274507279066,75,22,0.014618962793704957,0.2801635158716261,0.8099025726528951,624,,COMPLETE
4,0.7627319841906047,2026-10-04 18:12:04.720315,2026-10-04 18:12:30.198817,0 days 00:00:25.478502,0.6711055768358083,0.042645919421477295,86,20,0.006290644294586149,0.11400863701127326,0.7824279936868144,1012,,COMPLETE
5,0.7630882993045374,2026-10-04 18:12:30.199803,2026-10-04 18:12:54.010686,0 days 00:00:23.810883,0.23903095579116773,0.03172555207457027,129,53,6.245139574743075,7.2866537374910445,0.6682096494749166,537,,COMPLETE
6,0.7618372184376605,2026-10-04 18:12:54.011683,2026-10-04 18:13:11.613241,0 days 00:00:17.601558,0.46409149624376084,0.04329097031796564,37,84,0.003077180271250686,0.09565499215943825,0.8736932106048627,354,,COMPLETE
7,0.760558281898552,2026-10-04 18:13:11.614072,2026-10-04 18:13:21.743276,0 days 00:00:10.129204,0.38702664565364664,0.08965728132196332,66,16,0.12030178871154672,0.1537592023548176,0.8650089137415928,214,,COMPLETE
8,0.7608786666587108,2026-10-04 18:13:21.744222,2026-10-04 18:13:32.417705,0 days 00:00:10.673483,0.7368964102565894,0.09640430950087084,160,22,0.24637685958997463,4.869640941520899,0.9757995766256756,218,,COMPLETE
9,0.7649219644865016,2026-10-04 18:13:32.418614,2026-10-04 18:14:07.867029,0 days 00:00:35.448415,0.43320637381368926,0.03798363534401218,28,18,0.01217295809836997,2.0651425578959257,0.7301321323053057,1020,,COMPLETE
