number,value,datetime_start,datetime_complete,duration,params_colsample_bytree,params_learning_rate,params_min_child_samples,params_num_leaves,params_reg_alpha,params_reg_lambda,params_subsample,user_attrs_best_iter,system_attrs_fixed_params,state
0,0.7122767527434646,2026-10-04 18:07:22.816814,2026-10-04 18:07:37.743473,0 days 00:00:14.926659,0.7,0.05,20,31,0.001,0.001,0.8,560,"{'num_leaves': 31, 'learning_rate': 0.05, 'min_child_samples': 20, 'subsample': 0.8, 'colsample_bytree': 0.7, 'reg_alpha': 0.001, 'reg_lambda': 0.001}",COMPLETE
1,0.7144167511564334,2026-10-04 18:07:37.744561,2026-10-04 18:07:49.055361,0 days 00:00:11.310800,0.29361118426546196,0.09423875899553878,152,33,0.004207053950287938,0.0017073967431528124,0.8394633936788146,213,,COMPLETE
2,0.709079020525692,2026-10-04 18:07:49.056254,2026-10-04 18:08:00.996033,0 days 00:00:11.939779,0.7819459112971967,0.06186307704341194,148,95,2.1368329072358767,0.0070689749506246055,0.608233797718321,142,,COMPLETE
3,0.7158412793493769,2026-10-04 18:08:00.997179,2026-10-04 18:08:28.710053,0 days 00:00:27.712874,0.4591670111852695,0.03741274507279066,75,22,0.014618962793704957,0.2801635158716261,0.8099025726528951,739,,COMPLETE
4,0.7161909447255691,2026-10-04 18:08:28.710925,2026-10-04 18:08:53.895326,0 days 00:00:25.184401,0.6711055768358083,0.042645919421477295,86,20,0.006290644294586149,0.11400863701127326,0.7824279936868144,1061,,COMPLETE
5,0.7159917692475298,2026-10-04 18:08:53.896179,2026-10-04 18:09:18.214703,0 days 00:00:24.318524,0.23903095579116773,0.03172555207457027,129,53,6.245139574743075,7.2866537374910445,0.6682096494749166,591,,COMPLETE
6,0.7121096088146311,2026-10-04 18:09:18.215567,2026-10-04 18:09:33.125957,0 days 00:00:14.910390,0.46409149624376084,0.04329097031796564,37,84,0.003077180271250686,0.09565499215943825,0.8736932106048627,204,,COMPLETE
7,0.7135300106078161,2026-10-04 18:09:33.126912,2026-10-04 18:09:45.007627,0 days 00:00:11.880715,0.38702664565364664,0.08965728132196332,66,16,0.12030178871154672,0.1537592023548176,0.8650089137415928,440,,COMPLETE
8,0.7151043558087838,2026-10-04 18:09:45.008523,2026-10-04 18:09:56.606273,0 days 00:00:11.597750,0.7368964102565894,0.09640430950087084,160,22,0.24637685958997463,4.869640941520899,0.9757995766256756,292,,COMPLETE
9,0.71375198518668,2026-10-04 18:09:56.607159,2026-10-04 18:10:21.008320,0 days 00:00:24.401161,0.43320637381368926,0.03798363534401218,28,18,0.01217295809836997,2.0651425578959257,0.7301321323053057,704,,COMPLETE
