number,value,datetime_start,datetime_complete,duration,params_colsample_bytree,params_learning_rate,params_min_child_samples,params_num_leaves,params_reg_alpha,params_reg_lambda,params_subsample,user_attrs_best_iter,system_attrs_fixed_params,state
0,0.7607477994241585,2026-10-04 16:42:42.556977,2026-10-04 16:43:09.489130,0 days 00:00:26.932153,0.7,0.05,20,31,0.001,0.001,0.8,404,"{'num_leaves': 31, 'learning_rate': 0.05, 'min_child_samples': 20, 'subsample': 0.8, 'colsample_bytree': 0.7, 'reg_alpha': 0.001, 'reg_lambda': 0.001}",COMPLETE
1,0.7625023505388073,2026-10-04 16:43:09.490036,2026-10-04 16:43:29.741759,0 days 00:00:20.251723,0.29361118426546196,0.09423875899553878,152,33,0.004207053950287938,0.0017073967431528124,0.8394633936788146,203,,COMPLETE
2,0.7577520233039267,2026-10-04 16:43:29.742542,2026-10-04 16:43:57.337312,0 days 00:00:27.594770,0.7819459112971967,0.06186307704341194,148,95,2.1368329072358767,0.0070689749506246055,0.608233797718321,146,,COMPLETE
3,0.7638404519320096,2026-10-04 16:43:57.338107,2026-10-04 16:44:54.422500,0 days 00:00:57.084393,0.4591670111852695,0.03741274507279066,75,22,0.014618962793704957,0.2801635158716261,0.8099025726528951,886,,COMPLETE
4,0.7623976369602794,2026-10-04 16:44:54.423005,2026-10-04 16:45:21.122454,0 days 00:00:26.699449,0.6711055768358083,0.042645919421477295,86,20,0.006290644294586149,0.11400863701127326,0.7824279936868144,513,,COMPLETE
5,0.7641774808274058,2026-10-04 16:45:21.123198,2026-10-04 16:46:16.138525,0 days 00:00:55.015327,0.23903095579116773,0.03172555207457027,129,53,6.245139574743075,7.2866537374910445,0.6682096494749166,658,,COMPLETE
6,0.7624948992701783,2026-10-04 16:46:16.139351,2026-10-04 16:46:59.486140,0 days 00:00:43.346789,0.46409149624376084,0.04329097031796564,37,84,0.003077180271250686,0.09565499215943825,0.8736932106048627,355,,COMPLETE
7,0.760301693059842,2026-10-04 16:46:59.486970,2026-10-04 16:47:29.078789,0 days 00:00:29.591819,0.38702664565364664,0.08965728132196332,66,16,0.12030178871154672,0.1537592023548176,0.8650089137415928,432,,COMPLETE
8,0.7635840906884901,2026-10-04 16:47:29.079564,2026-10-04 16:47:45.592292,0 days 00:00:16.512728,0.7368964102565894,0.09640430950087084,160,22,0.24637685958997463,4.869640941520899,0.9757995766256756,409,,COMPLETE
9,0.7638983699602768,2026-10-04 16:47:45.592857,2026-10-04 16:48:12.443074,0 days 00:00:26.850217,0.43320637381368926,0.03798363534401218,28,18,0.01217295809836997,2.0651425578959257,0.7301321323053057,837,,COMPLETE
