number,value,datetime_start,datetime_complete,duration,params_colsample_bytree,params_learning_rate,params_min_child_samples,params_num_leaves,params_reg_alpha,params_reg_lambda,params_subsample,user_attrs_best_iter,system_attrs_fixed_params,system_attrs_tpe:relative_params:0,state
0,0.783781382667896,2026-10-04 15:48:57.850302,2026-10-04 15:49:57.097745,0 days 00:00:59.247443,0.7,0.05,20,31,0.001,0.001,0.8,362,"{'num_leaves': 31, 'learning_rate': 0.05, 'min_child_samples': 20, 'subsample': 0.8, 'colsample_bytree': 0.7, 'reg_alpha': 0.001, 'reg_lambda': 0.001}",,COMPLETE
1,0.7835056263559664,2026-10-04 15:49:57.098662,2026-10-04 15:50:33.620222,0 days 00:00:36.521560,0.29361118426546196,0.09423875899553878,152,33,0.004207053950287938,0.0017073967431528124,0.8394633936788146,172,,,COMPLETE
2,0.7800679791210505,2026-10-04 15:50:33.621108,2026-10-04 15:51:55.219080,0 days 00:01:21.597972,0.7819459112971967,0.06186307704341194,148,95,2.1368329072358767,0.0070689749506246055,0.608233797718321,181,,,COMPLETE
3,0.7862508399623154,2026-10-04 15:51:55.220017,2026-10-04 15:53:26.222096,0 days 00:01:31.002079,0.4591670111852695,0.03741274507279066,75,22,0.014618962793704957,0.2801635158716261,0.8099025726528951,885,,,COMPLETE
4,0.7851698122845335,2026-10-04 15:53:26.222823,2026-10-04 15:54:32.825995,0 days 00:01:06.603172,0.6711055768358083,0.042645919421477295,86,20,0.006290644294586149,0.11400863701127326,0.7824279936868144,620,,,COMPLETE
5,0.787475638532408,2026-10-04 15:54:32.826896,2026-10-04 15:55:48.595541,0 days 00:01:15.768645,0.23903095579116773,0.03172555207457027,129,53,6.245139574743075,7.2866537374910445,0.6682096494749166,666,,,COMPLETE
6,0.7840190514194633,2026-10-04 15:55:48.596386,2026-10-04 15:57:10.757571,0 days 00:01:22.161185,0.46409149624376084,0.04329097031796564,37,84,0.003077180271250686,0.09565499215943825,0.8736932106048627,361,,,COMPLETE
7,0.7841171449465798,2026-10-04 15:57:10.758420,2026-10-04 15:57:48.988980,0 days 00:00:38.230560,0.38702664565364664,0.08965728132196332,66,16,0.12030178871154672,0.1537592023548176,0.8650089137415928,350,,,COMPLETE
8,0.7848563642299642,2026-10-04 15:57:48.989837,2026-10-04 15:58:49.704491,0 days 00:01:00.714654,0.7368964102565894,0.09640430950087084,160,22,0.24637685958997463,4.869640941520899,0.9757995766256756,452,,,COMPLETE
9,0.7882019739489201,2026-10-04 15:58:49.705189,2026-10-04 16:00:12.663963,0 days 00:01:22.958774,0.43320637381368926,0.03798363534401218,28,18,0.01217295809836997,2.0651425578959257,0.7301321323053057,892,,,COMPLETE
10,0.7862875817424206,2026-10-04 16:00:12.664676,2026-10-04 16:01:09.925410,0 days 00:00:57.260734,0.26062671865191467,0.04011247809579178,71,17,0.016777353724763546,1.4348843405075296,0.643839119052413,788,,"{""colsample_bytree"": 0.26062671865191467, ""learning_rate"": 0.04011247809579178, ""min_child_samples"": 71, ""num_leaves"": 17, ""reg_alpha"": 0.016777353724763546, ""reg_lambda"": 1.4348843405075296, ""subsample"": 0.643839119052413}",COMPLETE
11,0.7878121429693218,2026-10-04 16:01:09.926298,2026-10-04 16:02:45.019301,0 days 00:01:35.093003,0.3922515286925228,0.03445669713080458,140,49,1.5659121087744148,2.948145077322582,0.7392203375502684,708,,"{""colsample_bytree"": 0.3922515286925228, ""learning_rate"": 0.03445669713080458, ""min_child_samples"": 140, ""num_leaves"": 49, ""reg_alpha"": 1.5659121087744148, ""reg_lambda"": 2.948145077322582, ""subsample"": 0.7392203375502684}",COMPLETE
12,0.7878495378486696,2026-10-04 16:02:45.019969,2026-10-04 16:04:09.282236,0 days 00:01:24.262267,0.39304775055733504,0.031374638289295334,132,30,0.13910782644152303,7.782704257756667,0.7773723679026682,734,,"{""colsample_bytree"": 0.39304775055733504, ""learning_rate"": 0.031374638289295334, ""min_child_samples"": 132, ""num_leaves"": 30, ""reg_alpha"": 0.13910782644152303, ""reg_lambda"": 7.782704257756667, ""subsample"": 0.7773723679026682}",COMPLETE
13,0.7882528761080534,2026-10-04 16:04:09.282916,2026-10-04 16:05:29.360873,0 days 00:01:20.077957,0.26862080049096904,0.03536899674564161,194,24,0.053398722389531646,1.1136133078614734,0.7494677238649949,1039,,"{""colsample_bytree"": 0.26862080049096904, ""learning_rate"": 0.03536899674564161, ""min_child_samples"": 194, ""num_leaves"": 24, ""reg_alpha"": 0.053398722389531646, ""reg_lambda"": 1.1136133078614734, ""subsample"": 0.7494677238649949}",COMPLETE
14,0.7871098831657901,2026-10-04 16:05:29.361747,2026-10-04 16:06:45.922667,0 days 00:01:16.560920,0.42824957370874317,0.03318451748480117,25,18,0.012245024447284402,1.812412369601665,0.6640610056965446,855,,"{""colsample_bytree"": 0.42824957370874317, ""learning_rate"": 0.03318451748480117, ""min_child_samples"": 25, ""num_leaves"": 18, ""reg_alpha"": 0.012245024447284402, ""reg_lambda"": 1.812412369601665, ""subsample"": 0.6640610056965446}",COMPLETE
15,0.7881999552785348,2026-10-04 16:06:45.923378,2026-10-04 16:08:36.470088,0 days 00:01:50.546710,0.29620799644712303,0.03655455771851919,119,19,0.01931447298475982,5.375000380993615,0.7072704563486159,1011,,"{""colsample_bytree"": 0.29620799644712303, ""learning_rate"": 0.03655455771851919, ""min_child_samples"": 119, ""num_leaves"": 19, ""reg_alpha"": 0.01931447298475982, ""reg_lambda"": 5.375000380993615, ""subsample"": 0.7072704563486159}",COMPLETE
16,0.7876732307395566,2026-10-04 16:08:36.470872,2026-10-04 16:10:52.430406,0 days 00:02:15.959534,0.37057645498561353,0.033676410094273974,168,19,0.007620955652280167,0.4563545450160432,0.6783154513233239,979,,"{""colsample_bytree"": 0.37057645498561353, ""learning_rate"": 0.033676410094273974, ""min_child_samples"": 168, ""num_leaves"": 19, ""reg_alpha"": 0.007620955652280167, ""reg_lambda"": 0.4563545450160432, ""subsample"": 0.6783154513233239}",COMPLETE
17,0.7854177327151175,2026-10-04 16:10:52.431214,2026-10-04 16:12:28.065251,0 days 00:01:35.634037,0.3000925258831816,0.03067644253745396,21,27,0.02220221794100674,0.3693241302549754,0.722378475458878,589,,"{""colsample_bytree"": 0.3000925258831816, ""learning_rate"": 0.03067644253745396, ""min_child_samples"": 21, ""num_leaves"": 27, ""reg_alpha"": 0.02220221794100674, ""reg_lambda"": 0.3693241302549754, ""subsample"": 0.722378475458878}",COMPLETE
18,0.7877703149314804,2026-10-04 16:12:28.066874,2026-10-04 16:13:55.532079,0 days 00:01:27.465205,0.41806767448304644,0.04783887996104925,70,17,0.019609235109123598,4.998084563140737,0.7773833738554593,1025,,"{""colsample_bytree"": 0.41806767448304644, ""learning_rate"": 0.04783887996104925, ""min_child_samples"": 70, ""num_leaves"": 17, ""reg_alpha"": 0.019609235109123598, ""reg_lambda"": 4.998084563140737, ""subsample"": 0.7773833738554593}",COMPLETE
19,0.787596165028956,2026-10-04 16:13:55.532753,2026-10-04 16:14:50.104075,0 days 00:00:54.571322,0.26771396579316026,0.038225525637042214,160,28,0.13232788207772075,3.6707091468701325,0.6793776211604713,659,,"{""colsample_bytree"": 0.26771396579316026, ""learning_rate"": 0.038225525637042214, ""min_child_samples"": 160, ""num_leaves"": 28, ""reg_alpha"": 0.13232788207772075, ""reg_lambda"": 3.6707091468701325, ""subsample"": 0.6793776211604713}",COMPLETE
20,0.7878181989804786,2026-10-04 16:14:50.104867,2026-10-04 16:16:18.924502,0 days 00:01:28.819635,0.4204273323320097,0.03666004763437407,95,25,0.06973737082867595,0.40200542165437453,0.6839856256767114,1047,,"{""colsample_bytree"": 0.4204273323320097, ""learning_rate"": 0.03666004763437407, ""min_child_samples"": 95, ""num_leaves"": 25, ""reg_alpha"": 0.06973737082867595, ""reg_lambda"": 0.40200542165437453, ""subsample"": 0.6839856256767114}",COMPLETE
21,0.7885525200195451,2026-10-04 16:16:18.925244,2026-10-04 16:17:24.087841,0 days 00:01:05.162597,0.2430358734636327,0.03542962217553742,151,19,0.04735721569060633,4.677279591533397,0.7805751164848281,1092,,"{""colsample_bytree"": 0.2430358734636327, ""learning_rate"": 0.03542962217553742, ""min_child_samples"": 151, ""num_leaves"": 19, ""reg_alpha"": 0.04735721569060633, ""reg_lambda"": 4.677279591533397, ""subsample"": 0.7805751164848281}",COMPLETE
22,0.7885844229279909,2026-10-04 16:17:24.088525,2026-10-04 16:18:09.620208,0 days 00:00:45.531683,0.22323398259011534,0.03201835931619294,159,26,0.06645295423592208,1.4080686580254966,0.7492527020658847,631,,"{""colsample_bytree"": 0.22323398259011534, ""learning_rate"": 0.03201835931619294, ""min_child_samples"": 159, ""num_leaves"": 26, ""reg_alpha"": 0.06645295423592208, ""reg_lambda"": 1.4080686580254966, ""subsample"": 0.7492527020658847}",COMPLETE
23,0.787922566218499,2026-10-04 16:18:09.621053,2026-10-04 16:19:27.156494,0 days 00:01:17.535441,0.3147427995704454,0.03328241562304105,178,18,0.1780044774745271,2.0470420955359705,0.7354460707387054,1217,,"{""colsample_bytree"": 0.3147427995704454, ""learning_rate"": 0.03328241562304105, ""min_child_samples"": 178, ""num_leaves"": 18, ""reg_alpha"": 0.1780044774745271, ""reg_lambda"": 2.0470420955359705, ""subsample"": 0.7354460707387054}",COMPLETE
