number,value,datetime_start,datetime_complete,duration,params_colsample_bytree,params_learning_rate,params_min_child_samples,params_num_leaves,params_reg_alpha,params_reg_lambda,params_subsample,user_attrs_best_iter,system_attrs_fixed_params,system_attrs_tpe:relative_params:0,state
0,0.7835631980437263,2026-10-04 17:35:16.792965,2026-10-04 17:36:02.267734,0 days 00:00:45.474769,0.7,0.05,20,31,0.001,0.001,0.8,392,"{'num_leaves': 31, 'learning_rate': 0.05, 'min_child_samples': 20, 'subsample': 0.8, 'colsample_bytree': 0.7, 'reg_alpha': 0.001, 'reg_lambda': 0.001}",,COMPLETE
1,0.7837593059344149,2026-10-04 17:36:02.268870,2026-10-04 17:36:27.470781,0 days 00:00:25.201911,0.29361118426546196,0.09423875899553878,152,33,0.004207053950287938,0.0017073967431528124,0.8394633936788146,174,,,COMPLETE
2,0.7800728080972669,2026-10-04 17:36:27.471588,2026-10-04 17:37:28.836430,0 days 00:01:01.364842,0.7819459112971967,0.06186307704341194,148,95,2.1368329072358767,0.0070689749506246055,0.608233797718321,193,,,COMPLETE
3,0.7861446717536567,2026-10-04 17:37:28.837445,2026-10-04 17:38:39.194782,0 days 00:01:10.357337,0.4591670111852695,0.03741274507279066,75,22,0.014618962793704957,0.2801635158716261,0.8099025726528951,777,,,COMPLETE
4,0.7855776529705125,2026-10-04 17:38:39.195600,2026-10-04 17:39:49.520358,0 days 00:01:10.324758,0.6711055768358083,0.042645919421477295,86,20,0.006290644294586149,0.11400863701127326,0.7824279936868144,761,,,COMPLETE
5,0.7870928531082729,2026-10-04 17:39:49.521088,2026-10-04 17:40:55.120039,0 days 00:01:05.598951,0.23903095579116773,0.03172555207457027,129,53,6.245139574743075,7.2866537374910445,0.6682096494749166,702,,,COMPLETE
6,0.7852384965548569,2026-10-04 17:40:55.120857,2026-10-04 17:42:12.160373,0 days 00:01:17.039516,0.46409149624376084,0.04329097031796564,37,84,0.003077180271250686,0.09565499215943825,0.8736932106048627,474,,,COMPLETE
7,0.7848821319637089,2026-10-04 17:42:12.161223,2026-10-04 17:42:43.454045,0 days 00:00:31.292822,0.38702664565364664,0.08965728132196332,66,16,0.12030178871154672,0.1537592023548176,0.8650089137415928,322,,,COMPLETE
8,0.7841154528258154,2026-10-04 17:42:43.454799,2026-10-04 17:43:33.195503,0 days 00:00:49.740704,0.7368964102565894,0.09640430950087084,160,22,0.24637685958997463,4.869640941520899,0.9757995766256756,347,,,COMPLETE
9,0.7858736157771836,2026-10-04 17:43:33.196360,2026-10-04 17:44:37.754862,0 days 00:01:04.558502,0.43320637381368926,0.03798363534401218,28,18,0.01217295809836997,2.0651425578959257,0.7301321323053057,769,,,COMPLETE
10,0.7847923506087682,2026-10-04 17:44:37.755755,2026-10-04 17:45:55.146425,0 days 00:01:17.390670,0.2633743008987306,0.040228187020009784,179,108,0.20001943726460492,0.052297790643815775,0.6911932691408326,299,,"{""colsample_bytree"": 0.2633743008987306, ""learning_rate"": 0.040228187020009784, ""min_child_samples"": 179, ""num_leaves"": 108, ""reg_alpha"": 0.20001943726460492, ""reg_lambda"": 0.052297790643815775, ""subsample"": 0.6911932691408326}",COMPLETE
11,0.7839928581816666,2026-10-04 17:45:55.147177,2026-10-04 17:46:56.750182,0 days 00:01:01.603005,0.3631734459851118,0.03870944717457958,161,61,0.6434011079412459,5.332936963190132,0.6790591537027745,447,,"{""colsample_bytree"": 0.3631734459851118, ""learning_rate"": 0.03870944717457958, ""min_child_samples"": 161, ""num_leaves"": 61, ""reg_alpha"": 0.6434011079412459, ""reg_lambda"": 5.332936963190132, ""subsample"": 0.6790591537027745}",COMPLETE
12,0.7864882910141352,2026-10-04 17:46:56.751125,2026-10-04 17:47:48.283119,0 days 00:00:51.531994,0.25823159624816244,0.034135882278467075,105,65,0.004798876337315295,2.6928633018673906,0.8234098923117161,418,,"{""colsample_bytree"": 0.25823159624816244, ""learning_rate"": 0.034135882278467075, ""min_child_samples"": 105, ""num_leaves"": 65, ""reg_alpha"": 0.004798876337315295, ""reg_lambda"": 2.6928633018673906, ""subsample"": 0.8234098923117161}",COMPLETE
13,0.7864485212284514,2026-10-04 17:47:48.284034,2026-10-04 17:48:58.585231,0 days 00:01:10.301197,0.21416018942719364,0.030265623317115506,72,74,0.16790235204473994,1.209440635031487,0.6405532697528041,770,,"{""colsample_bytree"": 0.21416018942719364, ""learning_rate"": 0.030265623317115506, ""min_child_samples"": 72, ""num_leaves"": 74, ""reg_alpha"": 0.16790235204473994, ""reg_lambda"": 1.209440635031487, ""subsample"": 0.6405532697528041}",COMPLETE
14,0.7875816385185348,2026-10-04 17:48:58.586030,2026-10-04 17:49:58.288459,0 days 00:00:59.702429,0.20422928751207517,0.030727497588153862,87,30,1.2441217899598673,2.2696678229485165,0.6317405312910529,941,,"{""colsample_bytree"": 0.20422928751207517, ""learning_rate"": 0.030727497588153862, ""min_child_samples"": 87, ""num_leaves"": 30, ""reg_alpha"": 1.2441217899598673, ""reg_lambda"": 2.2696678229485165, ""subsample"": 0.6317405312910529}",COMPLETE
15,0.7868338497814545,2026-10-04 17:49:58.289345,2026-10-04 17:51:06.167653,0 days 00:01:07.878308,0.3858302732783761,0.03344292358693361,94,74,4.866926436087625,9.836872060542465,0.6751924982091358,415,,"{""colsample_bytree"": 0.3858302732783761, ""learning_rate"": 0.03344292358693361, ""min_child_samples"": 94, ""num_leaves"": 74, ""reg_alpha"": 4.866926436087625, ""reg_lambda"": 9.836872060542465, ""subsample"": 0.6751924982091358}",COMPLETE
16,0.7851840419316629,2026-10-04 17:51:06.168351,2026-10-04 17:51:41.584394,0 days 00:00:35.416043,0.2087934523199685,0.04030281291619281,122,28,0.4376251723745617,0.850955162872343,0.6116918455709464,482,,"{""colsample_bytree"": 0.2087934523199685, ""learning_rate"": 0.04030281291619281, ""min_child_samples"": 122, ""num_leaves"": 28, ""reg_alpha"": 0.4376251723745617, ""reg_lambda"": 0.850955162872343, ""subsample"": 0.6116918455709464}",COMPLETE
17,0.7846022096702485,2026-10-04 17:51:41.585166,2026-10-04 17:52:55.527967,0 days 00:01:13.942801,0.2900555034861396,0.03208466147191605,181,74,4.700766733103666,1.7876570631336104,0.6097827516497367,639,,"{""colsample_bytree"": 0.2900555034861396, ""learning_rate"": 0.03208466147191605, ""min_child_samples"": 181, ""num_leaves"": 74, ""reg_alpha"": 4.700766733103666, ""reg_lambda"": 1.7876570631336104, ""subsample"": 0.6097827516497367}",COMPLETE
18,0.787650926410885,2026-10-04 17:52:55.528863,2026-10-04 17:54:11.411042,0 days 00:01:15.882179,0.34650670987327586,0.033107332611787985,90,20,4.927780962771557,8.87964806851011,0.6620994539892759,997,,"{""colsample_bytree"": 0.34650670987327586, ""learning_rate"": 0.033107332611787985, ""min_child_samples"": 90, ""num_leaves"": 20, ""reg_alpha"": 4.927780962771557, ""reg_lambda"": 8.87964806851011, ""subsample"": 0.6620994539892759}",COMPLETE
19,0.7869111529826889,2026-10-04 17:54:11.411859,2026-10-04 17:55:17.441324,0 days 00:01:06.029465,0.34406435733186225,0.042606131490321185,125,23,7.9303100714469235,9.756682242023578,0.6713942224871869,818,,"{""colsample_bytree"": 0.34406435733186225, ""learning_rate"": 0.042606131490321185, ""min_child_samples"": 125, ""num_leaves"": 23, ""reg_alpha"": 7.9303100714469235, ""reg_lambda"": 9.756682242023578, ""subsample"": 0.6713942224871869}",COMPLETE
20,0.7878339228395109,2026-10-04 17:55:17.442162,2026-10-04 17:56:41.144319,0 days 00:01:23.702157,0.40981656775055975,0.033983083746991924,67,22,1.8757122259665324,0.5058942336410253,0.7117676261331067,1040,,"{""colsample_bytree"": 0.40981656775055975, ""learning_rate"": 0.033983083746991924, ""min_child_samples"": 67, ""num_leaves"": 22, ""reg_alpha"": 1.8757122259665324, ""reg_lambda"": 0.5058942336410253, ""subsample"": 0.7117676261331067}",COMPLETE
21,0.7886844064847334,2026-10-04 17:56:41.144958,2026-10-04 17:58:16.031330,0 days 00:01:34.886372,0.40144272307331175,0.030475422770916968,53,31,5.463966172175385,0.8100915155622747,0.7222562058427427,1021,,"{""colsample_bytree"": 0.40144272307331175, ""learning_rate"": 0.030475422770916968, ""min_child_samples"": 53, ""num_leaves"": 31, ""reg_alpha"": 5.463966172175385, ""reg_lambda"": 0.8100915155622747, ""subsample"": 0.7222562058427427}",COMPLETE
22,0.7865118718549623,2026-10-04 17:58:16.032080,2026-10-04 17:59:11.452640,0 days 00:00:55.420560,0.267065091445701,0.03173552560624745,61,24,1.4403085819965233,0.7719888926215772,0.7168393825550011,774,,"{""colsample_bytree"": 0.267065091445701, ""learning_rate"": 0.03173552560624745, ""min_child_samples"": 61, ""num_leaves"": 24, ""reg_alpha"": 1.4403085819965233, ""reg_lambda"": 0.7719888926215772, ""subsample"": 0.7168393825550011}",COMPLETE
23,0.7882999883124922,2026-10-04 17:59:11.453339,2026-10-04 18:00:59.467600,0 days 00:01:48.014261,0.4081999386258439,0.03533501718116035,67,18,8.972124641367209,1.7072954261116684,0.6585553431634416,1440,,"{""colsample_bytree"": 0.4081999386258439, ""learning_rate"": 0.03533501718116035, ""min_child_samples"": 67, ""num_leaves"": 18, ""reg_alpha"": 8.972124641367209, ""reg_lambda"": 1.7072954261116684, ""subsample"": 0.6585553431634416}",COMPLETE
24,0.787593780227177,2026-10-04 18:00:59.468306,2026-10-04 18:02:19.416918,0 days 00:01:19.948612,0.5064966838395849,0.031037280181828473,99,17,4.341583604368116,1.1806802510303187,0.6330712801848348,946,,"{""colsample_bytree"": 0.5064966838395849, ""learning_rate"": 0.031037280181828473, ""min_child_samples"": 99, ""num_leaves"": 17, ""reg_alpha"": 4.341583604368116, ""reg_lambda"": 1.1806802510303187, ""subsample"": 0.6330712801848348}",COMPLETE
25,0.7868587071344373,2026-10-04 18:02:19.417601,2026-10-04 18:03:49.935191,0 days 00:01:30.517590,0.47342431043128935,0.030993311278445585,61,28,1.6167662805014729,7.533951996065817,0.6834150876867604,876,,"{""colsample_bytree"": 0.47342431043128935, ""learning_rate"": 0.030993311278445585, ""min_child_samples"": 61, ""num_leaves"": 28, ""reg_alpha"": 1.6167662805014729, ""reg_lambda"": 7.533951996065817, ""subsample"": 0.6834150876867604}",COMPLETE
26,0.7880668615692923,2026-10-04 18:03:49.935877,2026-10-04 18:05:22.414228,0 days 00:01:32.478351,0.4490737134809506,0.03198025253981888,91,26,6.56855264381069,0.7201112434155543,0.6976135601432497,954,,"{""colsample_bytree"": 0.4490737134809506, ""learning_rate"": 0.03198025253981888, ""min_child_samples"": 91, ""num_leaves"": 26, ""reg_alpha"": 6.56855264381069, ""reg_lambda"": 0.7201112434155543, ""subsample"": 0.6976135601432497}",COMPLETE
