number,value,datetime_start,datetime_complete,duration,params_colsample_bytree,params_learning_rate,params_min_child_samples,params_num_leaves,params_reg_alpha,params_reg_lambda,params_subsample,user_attrs_best_iter,system_attrs_fixed_params,state
0,0.7146218342139832,2026-10-04 16:22:06.871015,2026-10-04 16:22:14.719705,0 days 00:00:07.848690,0.7,0.05,20,31,0.001,0.001,0.8,380,"{'num_leaves': 31, 'learning_rate': 0.05, 'min_child_samples': 20, 'subsample': 0.8, 'colsample_bytree': 0.7, 'reg_alpha': 0.001, 'reg_lambda': 0.001}",COMPLETE
1,0.7121974110809587,2026-10-04 16:22:14.720212,2026-10-04 16:22:25.160176,0 days 00:00:10.439964,0.29361118426546196,0.09423875899553878,152,33,0.004207053950287938,0.0017073967431528124,0.8394633936788146,223,,COMPLETE
2,0.711853781925037,2026-10-04 16:22:25.161192,2026-10-04 16:22:38.297181,0 days 00:00:13.135989,0.7819459112971967,0.06186307704341194,148,95,2.1368329072358767,0.0070689749506246055,0.608233797718321,144,,COMPLETE
3,0.7181522017504307,2026-10-04 16:22:38.298191,2026-10-04 16:23:08.790874,0 days 00:00:30.492683,0.4591670111852695,0.03741274507279066,75,22,0.014618962793704957,0.2801635158716261,0.8099025726528951,838,,COMPLETE
4,0.7173586267982828,2026-10-04 16:23:08.791747,2026-10-04 16:23:29.784317,0 days 00:00:20.992570,0.6711055768358083,0.042645919421477295,86,20,0.006290644294586149,0.11400863701127326,0.7824279936868144,682,,COMPLETE
5,0.7176857701460558,2026-10-04 16:23:29.785388,2026-10-04 16:23:52.414977,0 days 00:00:22.629589,0.23903095579116773,0.03172555207457027,129,53,6.245139574743075,7.2866537374910445,0.6682096494749166,519,,COMPLETE
6,0.7170788727273544,2026-10-04 16:23:52.415826,2026-10-04 16:24:12.138219,0 days 00:00:19.722393,0.46409149624376084,0.04329097031796564,37,84,0.003077180271250686,0.09565499215943825,0.8736932106048627,312,,COMPLETE
7,0.7151657273466814,2026-10-04 16:24:12.139022,2026-10-04 16:24:29.842669,0 days 00:00:17.703647,0.38702664565364664,0.08965728132196332,66,16,0.12030178871154672,0.1537592023548176,0.8650089137415928,476,,COMPLETE
8,0.7143991372677753,2026-10-04 16:24:29.843356,2026-10-04 16:24:39.139717,0 days 00:00:09.296361,0.7368964102565894,0.09640430950087084,160,22,0.24637685958997463,4.869640941520899,0.9757995766256756,190,,COMPLETE
9,0.7181823432700106,2026-10-04 16:24:39.140693,2026-10-04 16:25:13.856337,0 days 00:00:34.715644,0.43320637381368926,0.03798363534401218,28,18,0.01217295809836997,2.0651425578959257,0.7301321323053057,1030,,COMPLETE
